2019-10-24 07:53:38,112 INFO Running 2 steps with concurrence of 1...
2019-10-24 07:53:38,142 INFO 
2019-10-24 07:53:38,142 INFO --- 0. Running (missing output): /Users/cumeo/research/newlogic/././output/baseline-cifar10, /Users/cumeo/research/newlogic/././output/baseline-cifar10/.SUCCESS <- /Users/cumeo/research/newlogic/././train.py
2019-10-24 07:53:38,708 INFO 
2019-10-24 07:53:38,708 INFO --- 1. Running (missing output): /Users/cumeo/research/newlogic/././output/baseline-mnist, /Users/cumeo/research/newlogic/././output/baseline-mnist/cnn.pkl <- /Users/cumeo/research/newlogic/././train.py
2019-10-24 07:53:39,227 INFO Done (0 steps run).
2019-10-24 07:53:39,235 ERROR clojure.lang.ExceptionInfo: shell command failed with exit code 127 {:file "sbatch scripts/train-cifar10-baseline.job $OUTPUT0 && echo \"Job submitted, please wait for >1 hour\"\n", :msg "shell command failed with exit code 127", :cmd ("/bin/bash" "/Users/cumeo/research/newlogic/./.drake/shell-7573827259e1f01459c049d5134e41e3.bat"), :opts {:die true, :no-stdin nil, :err [#<PrintStream java.io.PrintStream@2836ead8> #<BufferedWriter java.io.BufferedWriter@1c92bc10>], :exec-dir nil, :out [#<PrintStream java.io.PrintStream@22b2e085> #<BufferedWriter java.io.BufferedWriter@251c31c5>]}, :exit-code 127}
	at clojure.core$ex_info.invoke(core.clj:4403)
	at drake.shell$shell.doInvoke(shell.clj:150)
	at clojure.lang.RestFn.applyTo(RestFn.java:137)
	at clojure.core$apply.invoke(core.clj:624)
	at drake.protocol$run_interpreter.invoke(protocol.clj:86)
	at drake.protocol_interpreters$register_interpreter_BANG_$reify__4753.run(protocol_interpreters.clj:14)
	at drake.core$run_step.invoke(core.clj:367)
	at drake.core$attempt_run_step.invoke(core.clj:479)
	at drake.core$function_for_step$fn__5091.invoke(core.clj:502)
	at drake.core$trigger_futures_helper$fn__5102.invoke(core.clj:540)
	at clojure.core$binding_conveyor_fn$fn__4145.invoke(core.clj:1910)
	at clojure.lang.AFn.call(AFn.java:18)
	at java.util.concurrent.FutureTask.run(FutureTask.java:266)
	at java.util.concurrent.ThreadPoolExecutor.runWorker(ThreadPoolExecutor.java:1142)
	at java.util.concurrent.ThreadPoolExecutor$Worker.run(ThreadPoolExecutor.java:617)
	at java.lang.Thread.run(Thread.java:745)

